14:32:30 **** Build of configuration Debug for project dfsdm_microphone_CM7 ****
make -j8 all 
arm-none-eabi-gcc "C:/Users/frank/OneDrive/Documents/seniorDesign/dfsdm_microphone/Middlewares/Third_Party/ARM_CMSIS/CMSIS/DSP/Source/BasicMathFunctions/BasicMathFunctions.c" -mcpu=cortex-m7 -std=gnu11 -g3 -DDEBUG -DCORE_CM7 -DUSE_HAL_DRIVER -DSTM32H755xx -c -I../Core/Inc -I../../Middlewares/Third_Party/ARM_CMSIS/CMSIS/Core/Include -I../../Middlewares/Third_Party/ARM_CMSIS/CMSIS/Core_A/Include -I../../Middlewares/Third_Party/ARM_CMSIS/CMSIS/DSP/PrivateInclude -I../../Middlewares/Third_Party/ARM_CMSIS/CMSIS/DSP/Include -I../../Drivers/STM32H7xx_HAL_Driver/Inc -I../../Drivers/STM32H7xx_HAL_Driver/Inc/Legacy -I../../Drivers/CMSIS/Device/ST/STM32H7xx/Include -I../../Drivers/CMSIS/Include -I../../Middlewares/Third_Party/ARM_CMSIS/CMSIS/Core/Include/ -I../../Middlewares/Third_Party/ARM_CMSIS/CMSIS/Core_A/Include/ -I../../Middlewares/Third_Party/ARM_CMSIS/CMSIS/DSP/PrivateInclude/ -I../../Middlewares/Third_Party/ARM_CMSIS/CMSIS/DSP/Include/ -O0 -ffunction-sections -fdata-sections -Wall -fstack-usage -MMD -MP -MF"Middlewares/CMSIS/CMSIS/DSP/Source/BasicMathFunctions.d" -MT"Middlewares/CMSIS/CMSIS/DSP/Source/BasicMathFunctions.o" --specs=nano.specs -mfpu=fpv5-d16 -mfloat-abi=hard -mthumb -o "Middlewares/CMSIS/CMSIS/DSP/Source/BasicMathFunctions.o"
arm-none-eabi-gcc "C:/Users/frank/OneDrive/Documents/seniorDesign/dfsdm_microphone/Middlewares/Third_Party/ARM_CMSIS/CMSIS/DSP/Source/BasicMathFunctions/BasicMathFunctionsF16.c" -mcpu=cortex-m7 -std=gnu11 -g3 -DDEBUG -DCORE_CM7 -DUSE_HAL_DRIVER -DSTM32H755xx -c -I../Core/Inc -I../../Middlewares/Third_Party/ARM_CMSIS/CMSIS/Core/Include -I../../Middlewares/Third_Party/ARM_CMSIS/CMSIS/Core_A/Include -I../../Middlewares/Third_Party/ARM_CMSIS/CMSIS/DSP/PrivateInclude -I../../Middlewares/Third_Party/ARM_CMSIS/CMSIS/DSP/Include -I../../Drivers/STM32H7xx_HAL_Driver/Inc -I../../Drivers/STM32H7xx_HAL_Driver/Inc/Legacy -I../../Drivers/CMSIS/Device/ST/STM32H7xx/Include -I../../Drivers/CMSIS/Include -I../../Middlewares/Third_Party/ARM_CMSIS/CMSIS/Core/Include/ -I../../Middlewares/Third_Party/ARM_CMSIS/CMSIS/Core_A/Include/ -I../../Middlewares/Third_Party/ARM_CMSIS/CMSIS/DSP/PrivateInclude/ -I../../Middlewares/Third_Party/ARM_CMSIS/CMSIS/DSP/Include/ -O0 -ffunction-sections -fdata-sections -Wall -fstack-usage -MMD -MP -MF"Middlewares/CMSIS/CMSIS/DSP/Source/BasicMathFunctionsF16.d" -MT"Middlewares/CMSIS/CMSIS/DSP/Source/BasicMathFunctionsF16.o" --specs=nano.specs -mfpu=fpv5-d16 -mfloat-abi=hard -mthumb -o "Middlewares/CMSIS/CMSIS/DSP/Source/BasicMathFunctionsF16.o"
arm-none-eabi-gcc "C:/Users/frank/OneDrive/Documents/seniorDesign/dfsdm_microphone/Middlewares/Third_Party/ARM_CMSIS/CMSIS/DSP/Source/BayesFunctions/BayesFunctions.c" -mcpu=cortex-m7 -std=gnu11 -g3 -DDEBUG -DCORE_CM7 -DUSE_HAL_DRIVER -DSTM32H755xx -c -I../Core/Inc -I../../Middlewares/Third_Party/ARM_CMSIS/CMSIS/Core/Include -I../../Middlewares/Third_Party/ARM_CMSIS/CMSIS/Core_A/Include -I../../Middlewares/Third_Party/ARM_CMSIS/CMSIS/DSP/PrivateInclude -I../../Middlewares/Third_Party/ARM_CMSIS/CMSIS/DSP/Include -I../../Drivers/STM32H7xx_HAL_Driver/Inc -I../../Drivers/STM32H7xx_HAL_Driver/Inc/Legacy -I../../Drivers/CMSIS/Device/ST/STM32H7xx/Include -I../../Drivers/CMSIS/Include -I../../Middlewares/Third_Party/ARM_CMSIS/CMSIS/Core/Include/ -I../../Middlewares/Third_Party/ARM_CMSIS/CMSIS/Core_A/Include/ -I../../Middlewares/Third_Party/ARM_CMSIS/CMSIS/DSP/PrivateInclude/ -I../../Middlewares/Third_Party/ARM_CMSIS/CMSIS/DSP/Include/ -O0 -ffunction-sections -fdata-sections -Wall -fstack-usage -MMD -MP -MF"Middlewares/CMSIS/CMSIS/DSP/Source/BayesFunctions.d" -MT"Middlewares/CMSIS/CMSIS/DSP/Source/BayesFunctions.o" --specs=nano.specs -mfpu=fpv5-d16 -mfloat-abi=hard -mthumb -o "Middlewares/CMSIS/CMSIS/DSP/Source/BayesFunctions.o"
make: *** No rule to make target 'C:/Users/frank/OneDrive/Documents/seniorDesign/dfsdm_microphone/Middlewares/Third_Party/ARM_CMSIS/CMSIS/DSP/Source/BayesFunctions/BayesFunctionsF16.c', needed by 'Middlewares/CMSIS/CMSIS/DSP/Source/BayesFunctionsF16.o'.  Stop.
make: *** Waiting for unfinished jobs....
C:/Users/frank/OneDrive/Documents/seniorDesign/dfsdm_microphone/Middlewares/Third_Party/ARM_CMSIS/CMSIS/DSP/Source/BasicMathFunctions/BasicMathFunctions.c:29:10: fatal error: arm_abs_f32.c: No such file or directory
   29 | #include "arm_abs_f32.c"
      |          ^~~~~~~~~~~~~~~
compilation terminated.
C:/Users/frank/OneDrive/Documents/seniorDesign/dfsdm_microphone/Middlewares/Third_Party/ARM_CMSIS/CMSIS/DSP/Source/BasicMathFunctions/BasicMathFunctionsF16.c:29:10: fatal error: arm_abs_f16.c: No such file or directory
   29 | #include "arm_abs_f16.c"
      |          ^~~~~~~~~~~~~~~
compilation terminated.
C:/Users/frank/OneDrive/Documents/seniorDesign/dfsdm_microphone/Middlewares/Third_Party/ARM_CMSIS/CMSIS/DSP/Source/BayesFunctions/BayesFunctions.c:29:10: fatal error: arm_gaussian_naive_bayes_predict_f32.c: No such file or directory
   29 | #include "arm_gaussian_naive_bayes_predict_f32.c"
      |          ^~~~~~~~~~~~~~~~~~~~~~~~~~~~~~~~~~~~~~~~
compilation terminated.
make: *** [Middlewares/CMSIS/CMSIS/DSP/Source/subdir.mk:100: Middlewares/CMSIS/CMSIS/DSP/Source/BasicMathFunctions.o] Error 1
make: *** [Middlewares/CMSIS/CMSIS/DSP/Source/subdir.mk:102: Middlewares/CMSIS/CMSIS/DSP/Source/BasicMathFunctionsF16.o] Error 1
make: *** [Middlewares/CMSIS/CMSIS/DSP/Source/subdir.mk:104: Middlewares/CMSIS/CMSIS/DSP/Source/BayesFunctions.o] Error 1
"make -j8 all" terminated with exit code 2. Build might be incomplete.

14:32:30 Build Failed. 8 errors, 0 warnings. (took 774ms)

