12:19:25 **** Incremental Build of configuration Debug for project microphone_CM7 ****
make -j8 all 
arm-none-eabi-gcc "../Core/Src/main.c" -mcpu=cortex-m7 -std=gnu11 -g3 -DDEBUG -DCORE_CM7 -DUSE_HAL_DRIVER -DSTM32H755xx '-D__FPU_PRESENT=1' '-DARM_MATH_CM7=1' -c -I../Core/Inc -I../../Drivers/STM32H7xx_HAL_Driver/Inc -I../../Drivers/STM32H7xx_HAL_Driver/Inc/Legacy -I../../Drivers/CMSIS/Device/ST/STM32H7xx/Include -I../../Drivers/CMSIS/Include -I"C:/Users/frank/OneDrive/Documents/seniorDesign/senior_project/microphone/Common/common_drivers/Inc" -I../PDM2PCM/App -I../../Middlewares/ST/STM32_Audio/Addons/PDM/Inc -I../../Middlewares/ST/ARM/DSP/Inc -I../../Middlewares/Third_Party/ARM_CMSIS/CMSIS/Core/Include/ -I../../Middlewares/Third_Party/ARM_CMSIS/CMSIS/Core_A/Include/ -I../../Middlewares/Third_Party/ARM_CMSIS/CMSIS/DSP/PrivateInclude/ -I../../Middlewares/Third_Party/ARM_CMSIS/CMSIS/DSP/Include/ -I../../Middlewares/Third_Party/ARM_CMSIS/CMSIS/DSP/Include -O0 -ffunction-sections -fdata-sections -Wall -fstack-usage -MMD -MP -MF"Core/Src/main.d" -MT"Core/Src/main.o" --specs=nano.specs -mfpu=fpv5-d16 -mfloat-abi=hard -mthumb -o "Core/Src/main.o"
../Core/Src/main.c: In function 'main':
../Core/Src/main.c:170:15: warning: passing argument 1 of 'arm_fir_f32' makes pointer from integer without a cast [-Wint-conversion]
  170 |   arm_fir_f32(4,4,4,4);
      |               ^
      |               |
      |               int
In file included from ../../Middlewares/Third_Party/ARM_CMSIS/CMSIS/DSP/Include/arm_math.h:206,
                 from ../Core/Inc/main.h:36,
                 from ../Core/Src/main.c:21:
../../Middlewares/Third_Party/ARM_CMSIS/CMSIS/DSP/Include/dsp/filtering_functions.h:224:32: note: expected 'const arm_fir_instance_f32 *' {aka 'const struct <anonymous> *'} but argument is of type 'int'
  224 |   const arm_fir_instance_f32 * S,
      |   ~~~~~~~~~~~~~~~~~~~~~~~~~~~~~^
../Core/Src/main.c:170:17: warning: passing argument 2 of 'arm_fir_f32' makes pointer from integer without a cast [-Wint-conversion]
  170 |   arm_fir_f32(4,4,4,4);
      |                 ^
      |                 |
      |                 int
In file included from ../../Middlewares/Third_Party/ARM_CMSIS/CMSIS/DSP/Include/arm_math.h:206,
                 from ../Core/Inc/main.h:36,
                 from ../Core/Src/main.c:21:
../../Middlewares/Third_Party/ARM_CMSIS/CMSIS/DSP/Include/dsp/filtering_functions.h:225:21: note: expected 'const float32_t *' {aka 'const float *'} but argument is of type 'int'
  225 |   const float32_t * pSrc,
      |   ~~~~~~~~~~~~~~~~~~^~~~
../Core/Src/main.c:170:19: warning: passing argument 3 of 'arm_fir_f32' makes pointer from integer without a cast [-Wint-conversion]
  170 |   arm_fir_f32(4,4,4,4);
      |                   ^
      |                   |
      |                   int
In file included from ../../Middlewares/Third_Party/ARM_CMSIS/CMSIS/DSP/Include/arm_math.h:206,
                 from ../Core/Inc/main.h:36,
                 from ../Core/Src/main.c:21:
../../Middlewares/Third_Party/ARM_CMSIS/CMSIS/DSP/Include/dsp/filtering_functions.h:226:21: note: expected 'float32_t *' {aka 'float *'} but argument is of type 'int'
  226 |         float32_t * pDst,
      |         ~~~~~~~~~~~~^~~~
arm-none-eabi-gcc -o "microphone_CM7.elf" @"objects.list"  -l:libPDMFilter_CM7_GCC_wc32.a -mcpu=cortex-m7 -T"C:\Users\frank\OneDrive\Documents\seniorDesign\senior_project\microphone\CM7\STM32H755ZITX_FLASH.ld" --specs=nosys.specs -Wl,-Map="microphone_CM7.map" -Wl,--gc-sections -static -Wl,--start-group -l:libPDMFilter_CM7_GCC_wc32.a -Wl,--end-group -L../../Middlewares/ST/STM32_Audio/Addons/PDM/Lib --specs=nano.specs -mfpu=fpv5-d16 -mfloat-abi=hard -mthumb -Wl,--start-group -lc -lm -Wl,--end-group
Finished building target: microphone_CM7.elf
 
arm-none-eabi-objdump -h -S  microphone_CM7.elf  > "microphone_CM7.list"
arm-none-eabi-objcopy  -O binary  microphone_CM7.elf  "microphone_CM7.bin"
arm-none-eabi-size   microphone_CM7.elf 
   text	   data	    bss	    dec	    hex	filename
  52704	   1148	   2556	  56408	   dc58	microphone_CM7.elf
Finished building: default.size.stdout
 
Finished building: microphone_CM7.bin
 
Finished building: microphone_CM7.list
 

12:19:29 Build Finished. 0 errors, 3 warnings. (took 4s.46ms)

